<?xml version="1.0" encoding="UTF-8"?>
<testsuite name="pt.isel.ls.domain.SessionTest" tests="3" skipped="0" failures="0" errors="0" timestamp="2024-03-27T14:29:48" hostname="LAPTOP-RPUNL8UP" time="0.009">
  <properties/>
  <testcase name="instantiating a session returns a unique session identifier()" classname="pt.isel.ls.domain.SessionTest" time="0.004"/>
  <testcase name="creating a session with capacity equals to zero fails with IllegalArgumentException()" classname="pt.isel.ls.domain.SessionTest" time="0.001"/>
  <testcase name="instantiating a session successfully()" classname="pt.isel.ls.domain.SessionTest" time="0.002"/>
  <system-out><![CDATA[]]></system-out>
  <system-err><![CDATA[]]></system-err>
</testsuite>
