<?xml version="1.0" encoding="UTF-8"?>
<testsuite name="pt.isel.ls.storage.UUIDSerializerTest" tests="2" skipped="0" failures="0" errors="0" timestamp="2024-03-27T14:29:48" hostname="LAPTOP-RPUNL8UP" time="0.123">
  <properties/>
  <testcase name="test of a successful serialization()" classname="pt.isel.ls.storage.UUIDSerializerTest" time="0.11"/>
  <testcase name="test of a successful deserialization()" classname="pt.isel.ls.storage.UUIDSerializerTest" time="0.012"/>
  <system-out><![CDATA[]]></system-out>
  <system-err><![CDATA[]]></system-err>
</testsuite>
