<?xml version="1.0" encoding="UTF-8"?>
<testsuite name="pt.isel.ls.webApi.SessionHandlerTest" tests="26" skipped="0" failures="0" errors="0" timestamp="2024-03-27T14:29:49" hostname="LAPTOP-RPUNL8UP" time="0.086">
  <properties/>
  <testcase name="bad request status getting a session due to missing sid()" classname="pt.isel.ls.webApi.SessionHandlerTest" time="0.006"/>
  <testcase name="found status getting sessions with valid parameters()" classname="pt.isel.ls.webApi.SessionHandlerTest" time="0.007"/>
  <testcase name="unauthorized message due lack of token during add player request()" classname="pt.isel.ls.webApi.SessionHandlerTest" time="0.002"/>
  <testcase name="unauthorized status due lack of token during create session request()" classname="pt.isel.ls.webApi.SessionHandlerTest" time="0.002"/>
  <testcase name="message of getting sessions successfully()" classname="pt.isel.ls.webApi.SessionHandlerTest" time="0.004"/>
  <testcase name="not found status getting sessions due to no sessions satisfy details provided()" classname="pt.isel.ls.webApi.SessionHandlerTest" time="0.003"/>
  <testcase name="created status creating a session successfully()" classname="pt.isel.ls.webApi.SessionHandlerTest" time="0.002"/>
  <testcase name="unauthorized status due lack of token during get session request()" classname="pt.isel.ls.webApi.SessionHandlerTest" time="0.002"/>
  <testcase name="bad request status creating a session due to missing gid()" classname="pt.isel.ls.webApi.SessionHandlerTest" time="0.003"/>
  <testcase name="bad request status getting sessions due to missing gid()" classname="pt.isel.ls.webApi.SessionHandlerTest" time="0.002"/>
  <testcase name="message creating a session successfully()" classname="pt.isel.ls.webApi.SessionHandlerTest" time="0.002"/>
  <testcase name="bad request status creating a session due to missing capacity()" classname="pt.isel.ls.webApi.SessionHandlerTest" time="0.002"/>
  <testcase name="bad request status adding a player to a session due to missing parameters()" classname="pt.isel.ls.webApi.SessionHandlerTest" time="0.002"/>
  <testcase name="OK status adding a player to a session()" classname="pt.isel.ls.webApi.SessionHandlerTest" time="0.003"/>
  <testcase name="bad request status creating a session due to missing date()" classname="pt.isel.ls.webApi.SessionHandlerTest" time="0.002"/>
  <testcase name="found status getting a session()" classname="pt.isel.ls.webApi.SessionHandlerTest" time="0.002"/>
  <testcase name="unauthorized message due invalid token during add player request()" classname="pt.isel.ls.webApi.SessionHandlerTest" time="0.003"/>
  <testcase name="not modified status adding player to session due to player not found()" classname="pt.isel.ls.webApi.SessionHandlerTest" time="0.002"/>
  <testcase name="internal server error status getting sessions ()" classname="pt.isel.ls.webApi.SessionHandlerTest" time="0.003"/>
  <testcase name="bad request status creating a session due to lack of parameters()" classname="pt.isel.ls.webApi.SessionHandlerTest" time="0.004"/>
  <testcase name="bad request status creating a session due to invalid date format()" classname="pt.isel.ls.webApi.SessionHandlerTest" time="0.003"/>
  <testcase name="unauthorized status due lack of token during add player request()" classname="pt.isel.ls.webApi.SessionHandlerTest" time="0.002"/>
  <testcase name="not found status getting a session()" classname="pt.isel.ls.webApi.SessionHandlerTest" time="0.003"/>
  <testcase name="unauthorized message due invalid token during create session request()" classname="pt.isel.ls.webApi.SessionHandlerTest" time="0.001"/>
  <testcase name="unauthorized message due lack of token during create session request()" classname="pt.isel.ls.webApi.SessionHandlerTest" time="0.002"/>
  <testcase name="message of getting a session successfully()" classname="pt.isel.ls.webApi.SessionHandlerTest" time="0.003"/>
  <system-out><![CDATA[]]></system-out>
  <system-err><![CDATA[]]></system-err>
</testsuite>
