<?xml version="1.0" encoding="UTF-8"?>
<testsuite name="pt.isel.ls.domain.PlayerTest" tests="2" skipped="0" failures="0" errors="0" timestamp="2024-03-27T14:29:48" hostname="LAPTOP-RPUNL8UP" time="0.007">
  <properties/>
  <testcase name="create a new player with associatedTo function test()" classname="pt.isel.ls.domain.PlayerTest" time="0.005"/>
  <testcase name="exception generated by an invalid name test()" classname="pt.isel.ls.domain.PlayerTest" time="0.001"/>
  <system-out><![CDATA[]]></system-out>
  <system-err><![CDATA[]]></system-err>
</testsuite>
