<?xml version="1.0" encoding="UTF-8"?>
<testsuite name="pt.isel.ls.utils.DateVerificationTest" tests="2" skipped="0" failures="0" errors="0" timestamp="2024-03-27T14:29:48" hostname="LAPTOP-RPUNL8UP" time="0.016">
  <properties/>
  <testcase name="valid date parsing()" classname="pt.isel.ls.utils.DateVerificationTest" time="0.013"/>
  <testcase name="invalid date parsing()" classname="pt.isel.ls.utils.DateVerificationTest" time="0.001"/>
  <system-out><![CDATA[]]></system-out>
  <system-err><![CDATA[]]></system-err>
</testsuite>
