<?xml version="1.0" encoding="UTF-8"?>
<testsuite name="pt.isel.ls.webApi.PlayerHandlerTest" tests="15" skipped="0" failures="0" errors="0" timestamp="2024-03-27T14:29:49" hostname="LAPTOP-RPUNL8UP" time="0.043">
  <properties/>
  <testcase name="message of player found successfully()" classname="pt.isel.ls.webApi.PlayerHandlerTest" time="0.013"/>
  <testcase name="status of a player created successfully()" classname="pt.isel.ls.webApi.PlayerHandlerTest" time="0.001"/>
  <testcase name="unauthorized message due lack of token during get player request()" classname="pt.isel.ls.webApi.PlayerHandlerTest" time="0.001"/>
  <testcase name="status of bad request getting a player due lack of pid()" classname="pt.isel.ls.webApi.PlayerHandlerTest" time="0.001"/>
  <testcase name="message of a player created successfully()" classname="pt.isel.ls.webApi.PlayerHandlerTest" time="0.001"/>
  <testcase name="status of bad request creating a player due lack of name and email()" classname="pt.isel.ls.webApi.PlayerHandlerTest" time="0.001"/>
  <testcase name="unauthorized message due invalid token during get player request()" classname="pt.isel.ls.webApi.PlayerHandlerTest" time="0.001"/>
  <testcase name="message of Bad Request creating a player due lack of name and email()" classname="pt.isel.ls.webApi.PlayerHandlerTest" time="0.0"/>
  <testcase name="unauthorized status due lack of token during get player request()" classname="pt.isel.ls.webApi.PlayerHandlerTest" time="0.001"/>
  <testcase name="message of player not found due nonexistent pid()" classname="pt.isel.ls.webApi.PlayerHandlerTest" time="0.002"/>
  <testcase name="status of internal server error creating a player due invalid email provided()" classname="pt.isel.ls.webApi.PlayerHandlerTest" time="0.002"/>
  <testcase name="status of player found successfully()" classname="pt.isel.ls.webApi.PlayerHandlerTest" time="0.002"/>
  <testcase name="message of Bad Request getting a player due lack of pid()" classname="pt.isel.ls.webApi.PlayerHandlerTest" time="0.001"/>
  <testcase name="status of player not found due nonexistent pid()" classname="pt.isel.ls.webApi.PlayerHandlerTest" time="0.003"/>
  <testcase name="message of internal server error creating a player due invalid email provided()" classname="pt.isel.ls.webApi.PlayerHandlerTest" time="0.002"/>
  <system-out><![CDATA[]]></system-out>
  <system-err><![CDATA[]]></system-err>
</testsuite>
