<?xml version="1.0" encoding="UTF-8"?>
<testsuite name="pt.isel.ls.services.PlayerManagementTest" tests="10" skipped="0" failures="0" errors="0" timestamp="2024-03-27T14:29:48" hostname="LAPTOP-RPUNL8UP" time="0.034">
  <properties/>
  <testcase name="message generated by getting details of a non-existent player error()" classname="pt.isel.ls.services.PlayerManagementTest" time="0.005"/>
  <testcase name="message generated by creating an invalid player due an invalid name()" classname="pt.isel.ls.services.PlayerManagementTest" time="0.003"/>
  <testcase name="type of error generated by getting the details of a non-existing player error()" classname="pt.isel.ls.services.PlayerManagementTest" time="0.002"/>
  <testcase name="isValidToken call with a valid token()" classname="pt.isel.ls.services.PlayerManagementTest" time="0.002"/>
  <testcase name="message generated by creating an invalid player due an invalid email()" classname="pt.isel.ls.services.PlayerManagementTest" time="0.002"/>
  <testcase name="type of error creating a new player due an invalid name()" classname="pt.isel.ls.services.PlayerManagementTest" time="0.003"/>
  <testcase name="error creating a new player due an invalid email()" classname="pt.isel.ls.services.PlayerManagementTest" time="0.003"/>
  <testcase name="isValidToken call with an invalid token()" classname="pt.isel.ls.services.PlayerManagementTest" time="0.003"/>
  <testcase name="getting details of a player successfully()" classname="pt.isel.ls.services.PlayerManagementTest" time="0.003"/>
  <testcase name="creating a new player successfully()" classname="pt.isel.ls.services.PlayerManagementTest" time="0.002"/>
  <system-out><![CDATA[]]></system-out>
  <system-err><![CDATA[]]></system-err>
</testsuite>
