<?xml version="1.0" encoding="UTF-8"?>
<testsuite name="pt.isel.ls.ExampleTest" tests="1" skipped="0" failures="0" errors="0" timestamp="2024-03-27T14:29:48" hostname="LAPTOP-RPUNL8UP" time="0.089">
  <properties/>
  <testcase name="example()" classname="pt.isel.ls.ExampleTest" time="0.089"/>
  <system-out><![CDATA[]]></system-out>
  <system-err><![CDATA[]]></system-err>
</testsuite>
