<?xml version="1.0" encoding="UTF-8"?>
<testsuite name="pt.isel.ls.services.GameManagementTest" tests="6" skipped="0" failures="0" errors="0" timestamp="2024-03-27T14:29:48" hostname="LAPTOP-RPUNL8UP" time="0.032">
  <properties/>
  <testcase name="get Game by developer and genres - Success()" classname="pt.isel.ls.services.GameManagementTest" time="0.003"/>
  <testcase name="get Game by developer and genres with no results - Failure due to non existing combination of developer and genres()" classname="pt.isel.ls.services.GameManagementTest" time="0.013"/>
  <testcase name="get details of a game - Success()" classname="pt.isel.ls.services.GameManagementTest" time="0.002"/>
  <testcase name="error getting details of a game - Failure due to non-existing game id()" classname="pt.isel.ls.services.GameManagementTest" time="0.005"/>
  <testcase name="create a new Game - Success()" classname="pt.isel.ls.services.GameManagementTest" time="0.002"/>
  <testcase name="error creating a game - Failure due to invalid parameter()" classname="pt.isel.ls.services.GameManagementTest" time="0.003"/>
  <system-out><![CDATA[]]></system-out>
  <system-err><![CDATA[]]></system-err>
</testsuite>
