<?xml version="1.0" encoding="UTF-8"?>
<testsuite name="pt.isel.ls.domain.EmailTest" tests="2" skipped="0" failures="0" errors="0" timestamp="2024-03-27T14:29:48" hostname="LAPTOP-RPUNL8UP" time="0.093">
  <properties/>
  <testcase name="exception generated by a bad instantiation of an Email test()" classname="pt.isel.ls.domain.EmailTest" time="0.09"/>
  <testcase name="good email creation test()" classname="pt.isel.ls.domain.EmailTest" time="0.002"/>
  <system-out><![CDATA[]]></system-out>
  <system-err><![CDATA[]]></system-err>
</testsuite>
