<?xml version="1.0" encoding="UTF-8"?>
<testsuite name="pt.isel.ls.utils.MakeResponseTest" tests="2" skipped="0" failures="0" errors="0" timestamp="2024-03-27T14:29:48" hostname="LAPTOP-RPUNL8UP" time="0.013">
  <properties/>
  <testcase name="make response status test()" classname="pt.isel.ls.utils.MakeResponseTest" time="0.008"/>
  <testcase name="make response body test()" classname="pt.isel.ls.utils.MakeResponseTest" time="0.004"/>
  <system-out><![CDATA[]]></system-out>
  <system-err><![CDATA[]]></system-err>
</testsuite>
