<?xml version="1.0" encoding="UTF-8"?>
<testsuite name="pt.isel.ls.ExampleTest" tests="1" skipped="0" failures="0" errors="0" timestamp="2024-03-05T22:26:34" hostname="LAPTOP-RPUNL8UP" time="0.032">
  <properties/>
  <testcase name="example" classname="pt.isel.ls.ExampleTest" time="0.032"/>
  <system-out><![CDATA[]]></system-out>
  <system-err><![CDATA[]]></system-err>
</testsuite>
