<?xml version="1.0" encoding="UTF-8"?>
<testsuite name="pt.isel.ls.utils.IntsTests" tests="4" skipped="0" failures="0" errors="0" timestamp="2024-03-05T22:26:34" hostname="LAPTOP-RPUNL8UP" time="0.073">
  <properties/>
  <testcase name="indexOfBinary_returns_negative_if_not_found" classname="pt.isel.ls.utils.IntsTests" time="0.003"/>
  <testcase name="max_returns_greatest" classname="pt.isel.ls.utils.IntsTests" time="0.001"/>
  <testcase name="indexOfBinary_throws_IllegalArgumentException_if_indexes_are_not_valid" classname="pt.isel.ls.utils.IntsTests" time="0.068"/>
  <testcase name="indexOfBinary_right_bound_parameter_is_exclusive" classname="pt.isel.ls.utils.IntsTests" time="0.0"/>
  <system-out><![CDATA[]]></system-out>
  <system-err><![CDATA[]]></system-err>
</testsuite>
